[6b3681bd.orson.website/index3053.html]
[backblue.gif]
[fade.gif]
[index.html]
[6b3681bd.orson.website/4/menus.html]
[6b3681bd.orson.website/index.html]
[6b3681bd.orson.website/6/a-manger-1.html]
[6b3681bd.orson.website/7/a-manger-2.html]
[6b3681bd.orson.website/8/a-manger-3.html]
[ajax.googleapis.com/ajax/libs/jquery/3.5.1/jquery.min.js]
[945e69e9f57bd8a7f9a7-dde498fccb50b45f74aa952df6f23b83.ssl.cf1.rackcdn.com/assets/themes/risingly/application-21720e880a7b692aafd643b4fb8f60ff.css]
[e05f433bf807fec52f1b-8b78f4a1c3cecae8e875354bda80d3db.ssl.cf1.rackcdn.com/6169d91ab828ed5f80f6eaa0/custom_6169d91ab828ed5f80f6eaa0.css]
[945e69e9f57bd8a7f9a7-dde498fccb50b45f74aa952df6f23b83.ssl.cf1.rackcdn.com/assets/themes/risingly/application-e50e6b8bd788557d24212da962a945d3.js]
[945e69e9f57bd8a7f9a7-dde498fccb50b45f74aa952df6f23b83.ssl.cf1.rackcdn.com/assets/plugins-0290eef20131344227ad97aae8fd929d.js]
[945e69e9f57bd8a7f9a7-dde498fccb50b45f74aa952df6f23b83.ssl.cf1.rackcdn.com/assets/widgets_init-fc159364ad36163afa155e73fd5114a2.js]
[6b3681bd.orson.website/index3053.html]
[6b3681bd.orson.website/index.html]
[6b3681bd.orson.website/4/menus.html]
[6b3681bd.orson.website/6/a-manger-1.html]
[6b3681bd.orson.website/7/a-manger-2.html]
[6b3681bd.orson.website/8/a-manger-3.html]
[945e69e9f57bd8a7f9a7-dde498fccb50b45f74aa952df6f23b83.ssl.cf1.rackcdn.com/assets/icons/sprite-ap-small-icons-white-499a834e00f5c64db5151e2e1b610113.png]
[945e69e9f57bd8a7f9a7-dde498fccb50b45f74aa952df6f23b83.ssl.cf1.rackcdn.com/assets/themes/risingly/application-21720e880a7b692aafd643b4fb8f60ff.css]
[e05f433bf807fec52f1b-8b78f4a1c3cecae8e875354bda80d3db.ssl.cf1.rackcdn.com/6169d91ab828ed5f80f6eaa0/custom_6169d91ab828ed5f80f6eaa0.css]
[e05f433bf807fec52f1b-8b78f4a1c3cecae8e875354bda80d3db.ssl.cf1.rackcdn.com/6169d91ab828ed5f80f6eaa0/icons/sprite-ap-small-icons-white.html]
[e05f433bf807fec52f1b-8b78f4a1c3cecae8e875354bda80d3db.ssl.cf1.rackcdn.com/6169d91ab828ed5f80f6eaa0/icons/sprite-ap-small-icons.html]
[e05f433bf807fec52f1b-8b78f4a1c3cecae8e875354bda80d3db.ssl.cf1.rackcdn.com/6169d91ab828ed5f80f6eaa0/icons/ap_icons_black_2x_game-tools.html]
[e05f433bf807fec52f1b-8b78f4a1c3cecae8e875354bda80d3db.ssl.cf1.rackcdn.com/6169d91ab828ed5f80f6eaa0/icons/ap_icons_black_2x_interface-orientation.html]
[e05f433bf807fec52f1b-8b78f4a1c3cecae8e875354bda80d3db.ssl.cf1.rackcdn.com/6169d91ab828ed5f80f6eaa0/icons/ap_icons_black_2x_navigation_media.html]
[e05f433bf807fec52f1b-8b78f4a1c3cecae8e875354bda80d3db.ssl.cf1.rackcdn.com/6169d91ab828ed5f80f6eaa0/icons/ap_icons_black_2x_social-sport.html]
[e05f433bf807fec52f1b-8b78f4a1c3cecae8e875354bda80d3db.ssl.cf1.rackcdn.com/6169d91ab828ed5f80f6eaa0/icons/ap_icons_black_2x_seditor.html]
[e05f433bf807fec52f1b-8b78f4a1c3cecae8e875354bda80d3db.ssl.cf1.rackcdn.com/6169d91ab828ed5f80f6eaa0/icons/ap_icons_white_2x_game-tools.html]
[e05f433bf807fec52f1b-8b78f4a1c3cecae8e875354bda80d3db.ssl.cf1.rackcdn.com/6169d91ab828ed5f80f6eaa0/icons/ap_icons_white_2x_interface-orientation.html]
[e05f433bf807fec52f1b-8b78f4a1c3cecae8e875354bda80d3db.ssl.cf1.rackcdn.com/6169d91ab828ed5f80f6eaa0/icons/ap_icons_white_2x_navigation_media.html]
[e05f433bf807fec52f1b-8b78f4a1c3cecae8e875354bda80d3db.ssl.cf1.rackcdn.com/6169d91ab828ed5f80f6eaa0/icons/ap_icons_white_2x_social-sport.html]
[e05f433bf807fec52f1b-8b78f4a1c3cecae8e875354bda80d3db.ssl.cf1.rackcdn.com/6169d91ab828ed5f80f6eaa0/icons/ap_icons_white_2x_seditor.html]
[e05f433bf807fec52f1b-8b78f4a1c3cecae8e875354bda80d3db.ssl.cf1.rackcdn.com/6169d91ab828ed5f80f6eaa0/icons/ap_icons_black_game-tools.html]
[e05f433bf807fec52f1b-8b78f4a1c3cecae8e875354bda80d3db.ssl.cf1.rackcdn.com/6169d91ab828ed5f80f6eaa0/icons/ap_icons_black_interface-orientation.html]
[e05f433bf807fec52f1b-8b78f4a1c3cecae8e875354bda80d3db.ssl.cf1.rackcdn.com/6169d91ab828ed5f80f6eaa0/icons/ap_icons_black_navigation_media.html]
[e05f433bf807fec52f1b-8b78f4a1c3cecae8e875354bda80d3db.ssl.cf1.rackcdn.com/6169d91ab828ed5f80f6eaa0/icons/ap_icons_black_social-sport.html]
[e05f433bf807fec52f1b-8b78f4a1c3cecae8e875354bda80d3db.ssl.cf1.rackcdn.com/6169d91ab828ed5f80f6eaa0/icons/ap_icons_black_editor.html]
[e05f433bf807fec52f1b-8b78f4a1c3cecae8e875354bda80d3db.ssl.cf1.rackcdn.com/6169d91ab828ed5f80f6eaa0/icons/ap_icons_white_game-tools.html]
[e05f433bf807fec52f1b-8b78f4a1c3cecae8e875354bda80d3db.ssl.cf1.rackcdn.com/6169d91ab828ed5f80f6eaa0/icons/ap_icons_white_interface-orientation.html]
[e05f433bf807fec52f1b-8b78f4a1c3cecae8e875354bda80d3db.ssl.cf1.rackcdn.com/6169d91ab828ed5f80f6eaa0/icons/ap_icons_white_navigation_media.html]
[e05f433bf807fec52f1b-8b78f4a1c3cecae8e875354bda80d3db.ssl.cf1.rackcdn.com/6169d91ab828ed5f80f6eaa0/icons/ap_icons_white_social-sport.html]
[e05f433bf807fec52f1b-8b78f4a1c3cecae8e875354bda80d3db.ssl.cf1.rackcdn.com/6169d91ab828ed5f80f6eaa0/icons/ap_icons_white_editor.html]
[e05f433bf807fec52f1b-8b78f4a1c3cecae8e875354bda80d3db.ssl.cf1.rackcdn.com/6169d91ab828ed5f80f6eaa0/icons/pi_icons_markers.html]
[e05f433bf807fec52f1b-8b78f4a1c3cecae8e875354bda80d3db.ssl.cf1.rackcdn.com/6169d91ab828ed5f80f6eaa0/icons/or-icons.html]
[e05f433bf807fec52f1b-8b78f4a1c3cecae8e875354bda80d3db.ssl.cf1.rackcdn.com/6169d91ab828ed5f80f6eaa0/icons/or-icons-white.html]
[e05f433bf807fec52f1b-8b78f4a1c3cecae8e875354bda80d3db.ssl.cf1.rackcdn.com/6169d91ab828ed5f80f6eaa0/icons/elegant/ElegantIcons.html]
[e05f433bf807fec52f1b-8b78f4a1c3cecae8e875354bda80d3db.ssl.cf1.rackcdn.com/6169d91ab828ed5f80f6eaa0/icons/elegant/ElegantIconsd41d.html]
[e05f433bf807fec52f1b-8b78f4a1c3cecae8e875354bda80d3db.ssl.cf1.rackcdn.com/6169d91ab828ed5f80f6eaa0/icons/elegant/ElegantIcons-2.html]
[e05f433bf807fec52f1b-8b78f4a1c3cecae8e875354bda80d3db.ssl.cf1.rackcdn.com/6169d91ab828ed5f80f6eaa0/icons/elegant/ElegantIcons-3.html]
[e05f433bf807fec52f1b-8b78f4a1c3cecae8e875354bda80d3db.ssl.cf1.rackcdn.com/6169d91ab828ed5f80f6eaa0/icons/elegant/ElegantIcons-4.html]
[e05f433bf807fec52f1b-8b78f4a1c3cecae8e875354bda80d3db.ssl.cf1.rackcdn.com/6169d91ab828ed5f80f6eaa0/icons/font-awesome/fontawesome-webfont3295.html]
[e05f433bf807fec52f1b-8b78f4a1c3cecae8e875354bda80d3db.ssl.cf1.rackcdn.com/6169d91ab828ed5f80f6eaa0/icons/font-awesome/fontawesome-webfontd41d.html]
[e05f433bf807fec52f1b-8b78f4a1c3cecae8e875354bda80d3db.ssl.cf1.rackcdn.com/6169d91ab828ed5f80f6eaa0/icons/font-awesome/fontawesome-webfont3295-2.html]
[e05f433bf807fec52f1b-8b78f4a1c3cecae8e875354bda80d3db.ssl.cf1.rackcdn.com/6169d91ab828ed5f80f6eaa0/icons/font-awesome/fontawesome-webfont3295-3.html]
[e05f433bf807fec52f1b-8b78f4a1c3cecae8e875354bda80d3db.ssl.cf1.rackcdn.com/6169d91ab828ed5f80f6eaa0/icons/font-awesome/fontawesome-webfont3295-4.html]
[e05f433bf807fec52f1b-8b78f4a1c3cecae8e875354bda80d3db.ssl.cf1.rackcdn.com/6169d91ab828ed5f80f6eaa0/icons/font-awesome/fontawesome-webfont3295-5.html]
[e05f433bf807fec52f1b-8b78f4a1c3cecae8e875354bda80d3db.ssl.cf1.rackcdn.com/6169d91ab828ed5f80f6eaa0/icons/ionic/ionicons28b5.html]
[e05f433bf807fec52f1b-8b78f4a1c3cecae8e875354bda80d3db.ssl.cf1.rackcdn.com/6169d91ab828ed5f80f6eaa0/icons/ionic/ionicons28b5-2.html]
[e05f433bf807fec52f1b-8b78f4a1c3cecae8e875354bda80d3db.ssl.cf1.rackcdn.com/6169d91ab828ed5f80f6eaa0/icons/ionic/ionicons28b5-3.html]
[e05f433bf807fec52f1b-8b78f4a1c3cecae8e875354bda80d3db.ssl.cf1.rackcdn.com/6169d91ab828ed5f80f6eaa0/icons/ionic/ionicons28b5-4.html]
[e05f433bf807fec52f1b-8b78f4a1c3cecae8e875354bda80d3db.ssl.cf1.rackcdn.com/6169d91ab828ed5f80f6eaa0/icons/themify/themify9f24.html]
[e05f433bf807fec52f1b-8b78f4a1c3cecae8e875354bda80d3db.ssl.cf1.rackcdn.com/6169d91ab828ed5f80f6eaa0/icons/themify/themifyd41d.html]
[e05f433bf807fec52f1b-8b78f4a1c3cecae8e875354bda80d3db.ssl.cf1.rackcdn.com/6169d91ab828ed5f80f6eaa0/icons/themify/themify9f24-2.html]
[e05f433bf807fec52f1b-8b78f4a1c3cecae8e875354bda80d3db.ssl.cf1.rackcdn.com/6169d91ab828ed5f80f6eaa0/icons/themify/themify9f24-3.html]
[e05f433bf807fec52f1b-8b78f4a1c3cecae8e875354bda80d3db.ssl.cf1.rackcdn.com/6169d91ab828ed5f80f6eaa0/icons/themify/themify9f24-4.html]
[e05f433bf807fec52f1b-8b78f4a1c3cecae8e875354bda80d3db.ssl.cf1.rackcdn.com/6169d91ab828ed5f80f6eaa0/icons/arrows-slider.html]
[e05f433bf807fec52f1b-8b78f4a1c3cecae8e875354bda80d3db.ssl.cf1.rackcdn.com/6169d91ab828ed5f80f6eaa0/libs/photoswipe/default-skin.html]
[e05f433bf807fec52f1b-8b78f4a1c3cecae8e875354bda80d3db.ssl.cf1.rackcdn.com/6169d91ab828ed5f80f6eaa0/libs/photoswipe/default-skin-2.html]
[e05f433bf807fec52f1b-8b78f4a1c3cecae8e875354bda80d3db.ssl.cf1.rackcdn.com/6169d91ab828ed5f80f6eaa0/libs/photoswipe/preloader.html]
[e05f433bf807fec52f1b-8b78f4a1c3cecae8e875354bda80d3db.ssl.cf1.rackcdn.com/libs/plugins/images/layers.html]
[e05f433bf807fec52f1b-8b78f4a1c3cecae8e875354bda80d3db.ssl.cf1.rackcdn.com/libs/plugins/images/layers-2x.html]
[e05f433bf807fec52f1b-8b78f4a1c3cecae8e875354bda80d3db.ssl.cf1.rackcdn.com/libs/plugins/images/marker-icon.html]
